[20:59:57] [Server thread/INFO]: Starting minecraft server version 1.8.8
[20:59:57] [Server thread/INFO]: Loading properties
[20:59:57] [Server thread/INFO]: Default game type: SURVIVAL
[20:59:57] [Server thread/INFO]: This server is running CraftBukkit version git-PaperSpigot-445 (MC: 1.8.8) (Implementing API version 1.8.8-R0.1-SNAPSHOT)
[20:59:58] [Server thread/INFO]: Debug logging is disabled
[20:59:58] [Server thread/INFO]: Spigot Timings: true - Verbose: true - Interval: 5m - Length: 60m
[20:59:58] [Server thread/INFO]: Server Ping Player Sample Count: 12

[20:59:58] [Server thread/INFO]: Using 4 threads for Netty based IO
[20:59:58] [Server thread/INFO]: Data value allowed items: 
[20:59:58] [Server thread/WARN]: java.lang.NoSuchFieldException: modifiers

[20:59:58] [Server thread/WARN]: 	at java.base/java.lang.Class.getDeclaredField(Class.java:2782)

[20:59:58] [Server thread/WARN]: 	at org.github.paperspigot.PaperSpigotConfig.stackableBuckets(PaperSpigotConfig.java:192)

[20:59:58] [Server thread/WARN]: 	at java.base/jdk.internal.reflect.DirectMethodHandleAccessor.invoke(DirectMethodHandleAccessor.java:103)

[20:59:58] [Server thread/WARN]: 	at java.base/java.lang.reflect.Method.invoke(Method.java:580)

[20:59:58] [Server thread/WARN]: 	at org.github.paperspigot.PaperSpigotConfig.readConfig(PaperSpigotConfig.java:84)

[20:59:58] [Server thread/WARN]: 	at org.github.paperspigot.PaperSpigotConfig.init(PaperSpigotConfig.java:62)

[20:59:58] [Server thread/WARN]: 	at net.minecraft.server.v1_8_R3.DedicatedServer.init(DedicatedServer.java:181)

[20:59:58] [Server thread/WARN]: 	at net.minecraft.server.v1_8_R3.MinecraftServer.run(MinecraftServer.java:563)

[20:59:58] [Server thread/WARN]: 	at java.base/java.lang.Thread.run(Thread.java:1583)

[20:59:58] [Server thread/INFO]: Generating keypair
[20:59:58] [Server thread/INFO]: Starting Minecraft server on localhost:25565
[20:59:58] [Server thread/INFO]: Your platform does not provide complete low-level API for accessing direct buffers reliably. Unless explicitly requested, heap buffer will always be preferred to avoid potential system unstability.
[20:59:58] [Server thread/INFO]: Using default channel type
[20:59:58] [Server thread/ERROR]: Could not load 'plugins/ViaRewind-4.0.2.jar' in folder 'plugins'
org.bukkit.plugin.UnknownDependencyException: ViaBackwards
	at org.bukkit.plugin.SimplePluginManager.loadPlugins(SimplePluginManager.java:222) ~[patched_1.8.8.jar:git-PaperSpigot-445]
	at org.bukkit.craftbukkit.v1_8_R3.CraftServer.loadPlugins(CraftServer.java:293) ~[patched_1.8.8.jar:git-PaperSpigot-445]
	at net.minecraft.server.v1_8_R3.DedicatedServer.init(DedicatedServer.java:202) ~[patched_1.8.8.jar:git-PaperSpigot-445]
	at net.minecraft.server.v1_8_R3.MinecraftServer.run(MinecraftServer.java:563) ~[patched_1.8.8.jar:git-PaperSpigot-445]
	at java.lang.Thread.run(Thread.java:1583) [?:?]
[20:59:58] [Server thread/INFO]: Set PluginClassLoader as parallel capable
[21:00:00] [Server thread/ERROR]: Could not load 'plugins/Reforges v6.55.2.jar' in folder 'plugins'
org.bukkit.plugin.UnknownDependencyException: eco
	at org.bukkit.plugin.SimplePluginManager.loadPlugins(SimplePluginManager.java:222) ~[patched_1.8.8.jar:git-PaperSpigot-445]
	at org.bukkit.craftbukkit.v1_8_R3.CraftServer.loadPlugins(CraftServer.java:293) ~[patched_1.8.8.jar:git-PaperSpigot-445]
	at net.minecraft.server.v1_8_R3.DedicatedServer.init(DedicatedServer.java:202) ~[patched_1.8.8.jar:git-PaperSpigot-445]
	at net.minecraft.server.v1_8_R3.MinecraftServer.run(MinecraftServer.java:563) ~[patched_1.8.8.jar:git-PaperSpigot-445]
	at java.lang.Thread.run(Thread.java:1583) [?:?]
[21:00:00] [Server thread/ERROR]: Could not load 'plugins/UltimateTrades-5.2.8-all.jar' in folder 'plugins'
org.bukkit.plugin.InvalidPluginException: java.lang.IllegalArgumentException: Plugin already initialized!
	at org.bukkit.plugin.java.JavaPluginLoader.loadPlugin(JavaPluginLoader.java:133) ~[patched_1.8.8.jar:git-PaperSpigot-445]
	at org.bukkit.plugin.SimplePluginManager.loadPlugin(SimplePluginManager.java:331) ~[patched_1.8.8.jar:git-PaperSpigot-445]
	at org.bukkit.plugin.SimplePluginManager.loadPlugins(SimplePluginManager.java:254) ~[patched_1.8.8.jar:git-PaperSpigot-445]
	at org.bukkit.craftbukkit.v1_8_R3.CraftServer.loadPlugins(CraftServer.java:293) ~[patched_1.8.8.jar:git-PaperSpigot-445]
	at net.minecraft.server.v1_8_R3.DedicatedServer.init(DedicatedServer.java:202) ~[patched_1.8.8.jar:git-PaperSpigot-445]
	at net.minecraft.server.v1_8_R3.MinecraftServer.run(MinecraftServer.java:563) ~[patched_1.8.8.jar:git-PaperSpigot-445]
	at java.lang.Thread.run(Thread.java:1583) [?:?]
Caused by: java.lang.IllegalArgumentException: Plugin already initialized!
	at org.bukkit.plugin.java.PluginClassLoader.initialize(PluginClassLoader.java:123) ~[patched_1.8.8.jar:git-PaperSpigot-445]
	at org.bukkit.plugin.java.JavaPlugin.<init>(JavaPlugin.java:66) ~[patched_1.8.8.jar:git-PaperSpigot-445]
	at mc.ultimatecore.trades.HyperTrades.<init>(HyperTrades.java:20) ~[?:?]
	at jdk.internal.reflect.DirectConstructorHandleAccessor.newInstance(DirectConstructorHandleAccessor.java:62) ~[?:?]
	at java.lang.reflect.Constructor.newInstanceWithCaller(Constructor.java:502) ~[?:?]
	at java.lang.reflect.ReflectAccess.newInstance(ReflectAccess.java:128) ~[?:?]
	at jdk.internal.reflect.ReflectionFactory.newInstance(ReflectionFactory.java:304) ~[?:?]
	at java.lang.Class.newInstance(Class.java:725) ~[?:?]
	at org.bukkit.plugin.java.PluginClassLoader.<init>(PluginClassLoader.java:77) ~[patched_1.8.8.jar:git-PaperSpigot-445]
	at org.bukkit.plugin.java.JavaPluginLoader.loadPlugin(JavaPluginLoader.java:129) ~[patched_1.8.8.jar:git-PaperSpigot-445]
	... 6 more
Caused by: java.lang.IllegalStateException: Initial initialization
	at org.bukkit.plugin.java.PluginClassLoader.initialize(PluginClassLoader.java:126) ~[patched_1.8.8.jar:git-PaperSpigot-445]
	at org.bukkit.plugin.java.JavaPlugin.<init>(JavaPlugin.java:66) ~[patched_1.8.8.jar:git-PaperSpigot-445]
	at mc.ultimatecore.anvil.HyperAnvil.<init>(HyperAnvil.java:20) ~[?:?]
	at jdk.internal.reflect.DirectConstructorHandleAccessor.newInstance(DirectConstructorHandleAccessor.java:62) ~[?:?]
	at java.lang.reflect.Constructor.newInstanceWithCaller(Constructor.java:502) ~[?:?]
	at java.lang.reflect.ReflectAccess.newInstance(ReflectAccess.java:128) ~[?:?]
	at jdk.internal.reflect.ReflectionFactory.newInstance(ReflectionFactory.java:304) ~[?:?]
	at java.lang.Class.newInstance(Class.java:725) ~[?:?]
	at org.bukkit.plugin.java.PluginClassLoader.<init>(PluginClassLoader.java:77) ~[patched_1.8.8.jar:git-PaperSpigot-445]
	at org.bukkit.plugin.java.JavaPluginLoader.loadPlugin(JavaPluginLoader.java:129) ~[patched_1.8.8.jar:git-PaperSpigot-445]
	... 6 more
[21:00:00] [Server thread/INFO]: [WorldEdit] Loading WorldEdit v6.1;no_git_id
[21:00:00] [Server thread/INFO]: [SuperiorSkyblock2] Loading SuperiorSkyblock2 v2024.3
[21:00:00] [Server thread/INFO]: [SimpleHomes] Loading SimpleHomes v2.2
[21:00:00] [Server thread/INFO]: [ItemEdit] Loading ItemEdit v3.5.2
[21:00:00] [Server thread/INFO]: [SimpleTpa] Loading SimpleTpa v6.4
[21:00:00] [Server thread/INFO]: [ViaVersion] Loading ViaVersion v5.1.1
[21:00:00] [Server thread/INFO]: [ViaVersion] ViaVersion 5.1.1 is now loaded. Registering protocol transformers and injecting...
[21:00:01] [Via-Mappingloader-0/INFO]: [ViaVersion] Loading block connection mappings ...
[21:00:01] [Server thread/INFO]: [UltimateCore] Loading UltimateCore v5.2.8
[21:00:01] [Server thread/INFO]: [LuckPerms] Loading LuckPerms v5.4.146
[21:00:02] [Server thread/INFO]: [Essentials] Loading Essentials v2.21.0-dev+115-6157668
[21:00:02] [Server thread/INFO]: [UltimateCore-Farm] Loading UltimateCore-Farm v5.2.8
[21:00:02] [Server thread/INFO]: [UltimateCore-Collections] Loading UltimateCore-Collections v5.2.8
[21:00:02] [Server thread/INFO]: [UltimateCore-Anvil] Loading UltimateCore-Anvil v5.2.8
[21:00:02] [Server thread/INFO]: [ProtocolLib] Loading ProtocolLib v5.3.0
[21:00:02] [Server thread/INFO]: [EssentialsProtect] Loading EssentialsProtect v2.21.0-dev+115-6157668
[21:00:02] [Server thread/INFO]: [UltimateCore-Alchemy] Loading UltimateCore-Alchemy v5.2.8
[21:00:02] [Server thread/INFO]: [UltimateCore-Souls] Loading UltimateCore-Souls v5.2.8
[21:00:02] [Server thread/INFO]: [EssentialsChat] Loading EssentialsChat v2.21.0-dev+115-6157668
[21:00:02] [Server thread/INFO]: [EssentialsGeoIP] Loading EssentialsGeoIP v2.21.0-dev+115-6157668
[21:00:02] [Server thread/INFO]: [EssentialsAntiBuild] Loading EssentialsAntiBuild v2.21.0-dev+115-6157668
[21:00:02] [Server thread/INFO]: [EssentialsSpawn] Loading EssentialsSpawn v2.21.0-dev+121-f7a8f86
[21:00:02] [Server thread/INFO]: [UltimateCore-Dragon] Loading UltimateCore-Dragon v5.2.8
[21:00:02] [Server thread/INFO]: [AdvancedEnchantments] Loading AdvancedEnchantments v8.13.8
[21:00:02] [Server thread/INFO]: [AuthMe] Loading AuthMe v5.6.0-bCUSTOM
[21:00:02] [Server thread/INFO]: [CustomRecipes] Loading CustomRecipes v1.9.7
[21:00:02] [Server thread/INFO]: [UltimateCore-Enchantment] Loading UltimateCore-Enchantment v5.2.8
[21:00:02] [Server thread/INFO]: [UltimateCore-Skills] Loading UltimateCore-Skills v5.2.8
[21:00:02] [Server thread/INFO]: [UltimateCore-Talismans] Loading UltimateCore-Talismans v5.2.8
[21:00:02] [Server thread/INFO]: [UltimateCore-Reforge] Loading UltimateCore-Reforge v5.2.8
[21:00:02] [Server thread/INFO]: [UltimateCore-Runes] Loading UltimateCore-Runes v5.2.8
[21:00:02] [Server thread/INFO]: [UltimateCore-Pets] Loading UltimateCore-Pets v5.2.8
[21:00:02] [Server thread/INFO]: [UltimateCore-Menu] Loading UltimateCore-Menu v5.2.8
[21:00:02] [Server thread/INFO]: [UltimateCore] Enabling UltimateCore v5.2.8
[21:00:02] [Server thread/INFO]: [LuckPerms] Enabling LuckPerms v5.4.146
[21:00:02] [Server thread/INFO]: [0;36;1m       [0;36;22m __    [m

[21:00:02] [Server thread/INFO]: [0;36;1m  |    [0;36;22m|__)   [0;32;22mLuckPerms[m [0;36;1mv5.4.146[m

[21:00:02] [Server thread/INFO]: [0;36;1m  |___ [0;36;22m|      [0;30;1mRunning on Bukkit - CraftBukkit[m

[21:00:02] [Server thread/INFO]: [m

[21:00:02] [Server thread/INFO]: [LuckPerms] Loading configuration...
[21:00:02] [Server thread/INFO]: [LuckPerms] Loading storage provider... [H2]
[21:00:03] [Server thread/INFO]: [LuckPerms] Loading internal permission managers...
[21:00:03] [Server thread/INFO]: [LuckPerms] Performing initial data load...
[21:00:03] [Server thread/INFO]: [LuckPerms] Successfully enabled. (took 1176ms)
[21:00:03] [Server thread/INFO]: [ProtocolLib] Enabling ProtocolLib v5.3.0
[21:00:03] [Server thread/WARN]: **** SERVER IS RUNNING IN OFFLINE/INSECURE MODE!
[21:00:03] [Server thread/WARN]: The server will make no attempt to authenticate usernames. Beware.
[21:00:03] [Server thread/WARN]: Whilst this makes it possible to use BungeeCord, unless access to your server is properly restricted, it also opens up the ability for hackers to connect with any username they choose.
[21:00:03] [Server thread/WARN]: Please see http://www.spigotmc.org/wiki/firewall-guide/ for further information.
[21:00:03] [Server thread/WARN]: To change this, set "online-mode" to "true" in the server.properties file.
[21:00:03] [Server thread/INFO]: **** Beginning UUID conversion, this may take A LONG time ****
[21:00:03] [Server thread/INFO]: Preparing level "world"
[21:00:03] [Server thread/INFO]: -------- World Settings For [world] --------
[21:00:03] [Server thread/INFO]: Nerfing mobs spawned from spawners: false
[21:00:03] [Server thread/INFO]: Mob Spawn Range: 4
[21:00:03] [Server thread/INFO]: Anti X-Ray: true
[21:00:03] [Server thread/INFO]: 	Engine Mode: 1
[21:00:03] [Server thread/INFO]: 	Hidden Blocks: [14, 15, 16, 21, 48, 49, 54, 56, 73, 74, 82, 129, 130]
[21:00:03] [Server thread/INFO]: 	Replace Blocks: [1, 5]
[21:00:03] [Server thread/INFO]: Cactus Growth Modifier: 100%
[21:00:03] [Server thread/INFO]: Cane Growth Modifier: 100%
[21:00:03] [Server thread/INFO]: Melon Growth Modifier: 100%
[21:00:03] [Server thread/INFO]: Mushroom Growth Modifier: 100%
[21:00:03] [Server thread/INFO]: Pumpkin Growth Modifier: 100%
[21:00:03] [Server thread/INFO]: Sapling Growth Modifier: 100%
[21:00:03] [Server thread/INFO]: Wheat Growth Modifier: 100%
[21:00:03] [Server thread/INFO]: NetherWart Growth Modifier: 100%
[21:00:03] [Server thread/INFO]: Entity Activation Range: An 32 / Mo 32 / Mi 16
[21:00:03] [Server thread/INFO]: Entity Tracking Range: Pl 48 / An 48 / Mo 48 / Mi 32 / Other 64
[21:00:03] [Server thread/INFO]: Hopper Transfer: 8 Hopper Check: 8 Hopper Amount: 1
[21:00:03] [Server thread/INFO]: Random Lighting Updates: false
[21:00:03] [Server thread/INFO]: Structure Info Saving: true
[21:00:03] [Server thread/INFO]: Sending up to 10 chunks per packet
[21:00:03] [Server thread/INFO]: Max Entity Collisions: 8
[21:00:03] [Server thread/INFO]: Custom Map Seeds:  Village: 10387312 Feature: 14357617
[21:00:03] [Server thread/INFO]: Max TNT Explosions: 100
[21:00:03] [Server thread/INFO]: Tile Max Tick Time: 50ms Entity max Tick Time: 50ms
[21:00:03] [Server thread/INFO]: Item Despawn Rate: 6000
[21:00:03] [Server thread/INFO]: Item Merge Radius: 2.5
[21:00:03] [Server thread/INFO]: Arrow Despawn Rate: 1200
[21:00:03] [Server thread/INFO]: View Distance: 4
[21:00:03] [Server thread/INFO]: Allow Zombie Pigmen to spawn from portal blocks: true
[21:00:03] [Server thread/INFO]: Zombie Aggressive Towards Villager: true
[21:00:03] [Server thread/INFO]: Chunks to Grow per Tick: 650
[21:00:03] [Server thread/INFO]: Clear tick list: false
[21:00:03] [Server thread/INFO]: Experience Merge Radius: 3.0
[21:00:03] [Server thread/INFO]: -------- World Settings For [world] --------
[21:00:03] [Server thread/INFO]: Remove invalid mob spawner tile entities: true
[21:00:03] [Server thread/INFO]: Player blocking damage multiplier set to 0.5
[21:00:03] [Server thread/INFO]: Squids will spawn between Y: 45.0 and Y: 63.0
[21:00:03] [Server thread/INFO]: Max height for cactus growth 3. Max height for reed growth 3
[21:00:03] [Server thread/INFO]: Living Entity Despawn Ranges:  Soft: 32 Hard: 128
[21:00:03] [Server thread/INFO]: Water over lava flow speed: 5
[21:00:03] [Server thread/INFO]: Fix TNT cannons: false
[21:00:03] [Server thread/INFO]: Allow undead horse types to be leashed: false
[21:00:03] [Server thread/INFO]: Keep spawn chunk loaded: true
[21:00:03] [Server thread/INFO]: World async lighting: false
[21:00:03] [Server thread/INFO]: WorldServer TickNextTick cap set at 10000
[21:00:03] [Server thread/INFO]: WorldServer TickNextTickList cap always processes redstone: false
[21:00:03] [Server thread/INFO]: -------- World Settings For [world_nether] --------
[21:00:03] [Server thread/INFO]: Nerfing mobs spawned from spawners: false
[21:00:03] [Server thread/INFO]: Mob Spawn Range: 4
[21:00:03] [Server thread/INFO]: Anti X-Ray: true
[21:00:03] [Server thread/INFO]: 	Engine Mode: 1
[21:00:03] [Server thread/INFO]: 	Hidden Blocks: [14, 15, 16, 21, 48, 49, 54, 56, 73, 74, 82, 129, 130]
[21:00:03] [Server thread/INFO]: 	Replace Blocks: [1, 5]
[21:00:03] [Server thread/INFO]: Cactus Growth Modifier: 100%
[21:00:03] [Server thread/INFO]: Cane Growth Modifier: 100%
[21:00:03] [Server thread/INFO]: Melon Growth Modifier: 100%
[21:00:03] [Server thread/INFO]: Mushroom Growth Modifier: 100%
[21:00:03] [Server thread/INFO]: Pumpkin Growth Modifier: 100%
[21:00:03] [Server thread/INFO]: Sapling Growth Modifier: 100%
[21:00:03] [Server thread/INFO]: Wheat Growth Modifier: 100%
[21:00:03] [Server thread/INFO]: NetherWart Growth Modifier: 100%
[21:00:03] [Server thread/INFO]: Entity Activation Range: An 32 / Mo 32 / Mi 16
[21:00:03] [Server thread/INFO]: Entity Tracking Range: Pl 48 / An 48 / Mo 48 / Mi 32 / Other 64
[21:00:03] [Server thread/INFO]: Hopper Transfer: 8 Hopper Check: 8 Hopper Amount: 1
[21:00:03] [Server thread/INFO]: Random Lighting Updates: false
[21:00:03] [Server thread/INFO]: Structure Info Saving: true
[21:00:03] [Server thread/INFO]: Sending up to 10 chunks per packet
[21:00:03] [Server thread/INFO]: Max Entity Collisions: 8
[21:00:03] [Server thread/INFO]: Custom Map Seeds:  Village: 10387312 Feature: 14357617
[21:00:03] [Server thread/INFO]: Max TNT Explosions: 100
[21:00:03] [Server thread/INFO]: Tile Max Tick Time: 50ms Entity max Tick Time: 50ms
[21:00:03] [Server thread/INFO]: Item Despawn Rate: 6000
[21:00:03] [Server thread/INFO]: Item Merge Radius: 2.5
[21:00:03] [Server thread/INFO]: Arrow Despawn Rate: 1200
[21:00:03] [Server thread/INFO]: View Distance: 4
[21:00:03] [Server thread/INFO]: Allow Zombie Pigmen to spawn from portal blocks: true
[21:00:03] [Server thread/INFO]: Zombie Aggressive Towards Villager: true
[21:00:03] [Server thread/INFO]: Chunks to Grow per Tick: 650
[21:00:03] [Server thread/INFO]: Clear tick list: false
[21:00:03] [Server thread/INFO]: Experience Merge Radius: 3.0
[21:00:04] [Server thread/INFO]: -------- World Settings For [world_nether] --------
[21:00:04] [Server thread/INFO]: Remove invalid mob spawner tile entities: true
[21:00:04] [Server thread/INFO]: Player blocking damage multiplier set to 0.5
[21:00:04] [Server thread/INFO]: Squids will spawn between Y: 45.0 and Y: 63.0
[21:00:04] [Server thread/INFO]: Max height for cactus growth 3. Max height for reed growth 3
[21:00:04] [Server thread/INFO]: Living Entity Despawn Ranges:  Soft: 32 Hard: 128
[21:00:04] [Server thread/INFO]: Water over lava flow speed: 5
[21:00:04] [Server thread/INFO]: Fix TNT cannons: false
[21:00:04] [Server thread/INFO]: Allow undead horse types to be leashed: false
[21:00:04] [Server thread/INFO]: Keep spawn chunk loaded: true
[21:00:04] [Server thread/INFO]: World async lighting: false
[21:00:04] [Server thread/INFO]: WorldServer TickNextTick cap set at 10000
[21:00:04] [Server thread/INFO]: WorldServer TickNextTickList cap always processes redstone: false
[21:00:04] [Server thread/INFO]: -------- World Settings For [world_the_end] --------
[21:00:04] [Server thread/INFO]: Nerfing mobs spawned from spawners: false
[21:00:04] [Server thread/INFO]: Mob Spawn Range: 4
[21:00:04] [Server thread/INFO]: Anti X-Ray: true
[21:00:04] [Server thread/INFO]: 	Engine Mode: 1
[21:00:04] [Server thread/INFO]: 	Hidden Blocks: [14, 15, 16, 21, 48, 49, 54, 56, 73, 74, 82, 129, 130]
[21:00:04] [Server thread/INFO]: 	Replace Blocks: [1, 5]
[21:00:04] [Server thread/INFO]: Cactus Growth Modifier: 100%
[21:00:04] [Server thread/INFO]: Cane Growth Modifier: 100%
[21:00:04] [Server thread/INFO]: Melon Growth Modifier: 100%
[21:00:04] [Server thread/INFO]: Mushroom Growth Modifier: 100%
[21:00:04] [Server thread/INFO]: Pumpkin Growth Modifier: 100%
[21:00:04] [Server thread/INFO]: Sapling Growth Modifier: 100%
[21:00:04] [Server thread/INFO]: Wheat Growth Modifier: 100%
[21:00:04] [Server thread/INFO]: NetherWart Growth Modifier: 100%
[21:00:04] [Server thread/INFO]: Entity Activation Range: An 32 / Mo 32 / Mi 16
[21:00:04] [Server thread/INFO]: Entity Tracking Range: Pl 48 / An 48 / Mo 48 / Mi 32 / Other 64
[21:00:04] [Server thread/INFO]: Hopper Transfer: 8 Hopper Check: 8 Hopper Amount: 1
[21:00:04] [Server thread/INFO]: Random Lighting Updates: false
[21:00:04] [Server thread/INFO]: Structure Info Saving: true
[21:00:04] [Server thread/INFO]: Sending up to 10 chunks per packet
[21:00:04] [Server thread/INFO]: Max Entity Collisions: 8
[21:00:04] [Server thread/INFO]: Custom Map Seeds:  Village: 10387312 Feature: 14357617
[21:00:04] [Server thread/INFO]: Max TNT Explosions: 100
[21:00:04] [Server thread/INFO]: Tile Max Tick Time: 50ms Entity max Tick Time: 50ms
[21:00:04] [Server thread/INFO]: Item Despawn Rate: 6000
[21:00:04] [Server thread/INFO]: Item Merge Radius: 2.5
[21:00:04] [Server thread/INFO]: Arrow Despawn Rate: 1200
[21:00:04] [Server thread/INFO]: View Distance: 4
[21:00:04] [Server thread/INFO]: Allow Zombie Pigmen to spawn from portal blocks: true
[21:00:04] [Server thread/INFO]: Zombie Aggressive Towards Villager: true
[21:00:04] [Server thread/INFO]: Chunks to Grow per Tick: 650
[21:00:04] [Server thread/INFO]: Clear tick list: false
[21:00:04] [Server thread/INFO]: Experience Merge Radius: 3.0
[21:00:04] [Server thread/INFO]: -------- World Settings For [world_the_end] --------
[21:00:04] [Server thread/INFO]: Remove invalid mob spawner tile entities: true
[21:00:04] [Server thread/INFO]: Player blocking damage multiplier set to 0.5
[21:00:04] [Server thread/INFO]: Squids will spawn between Y: 45.0 and Y: 63.0
[21:00:04] [Server thread/INFO]: Max height for cactus growth 3. Max height for reed growth 3
[21:00:04] [Server thread/INFO]: Living Entity Despawn Ranges:  Soft: 32 Hard: 128
[21:00:04] [Server thread/INFO]: Water over lava flow speed: 5
[21:00:04] [Server thread/INFO]: Fix TNT cannons: false
[21:00:04] [Server thread/INFO]: Allow undead horse types to be leashed: false
[21:00:04] [Server thread/INFO]: Keep spawn chunk loaded: true
[21:00:04] [Server thread/INFO]: World async lighting: false
[21:00:04] [Server thread/INFO]: WorldServer TickNextTick cap set at 10000
[21:00:04] [Server thread/INFO]: WorldServer TickNextTickList cap always processes redstone: false
[21:00:04] [Server thread/INFO]: Preparing start region for level 0 (Seed: -4496160880931280403)
[21:00:05] [Server thread/INFO]: Preparing spawn area: 20%
[21:00:05] [Server thread/INFO]: Preparing start region for level 1 (Seed: -4496160880931280403)
[21:00:07] [Server thread/INFO]: Preparing spawn area: 56%
[21:00:07] [Server thread/INFO]: Preparing start region for level 2 (Seed: -4496160880931280403)
[21:00:08] [Server thread/INFO]: [WorldEdit] Enabling WorldEdit v6.1;no_git_id
[21:00:08] [Server thread/INFO]: WEPIF: Using the Bukkit Permissions API.
[21:00:08] [Server thread/INFO]: [WorldEdit] Using com.sk89q.worldedit.bukkit.adapter.impl.Spigot_v1_8_R3 as the Bukkit adapter
[21:00:08] [Server thread/INFO]: [SuperiorSkyblock2] Enabling SuperiorSkyblock2 v2024.3
[21:00:09] [Server thread/INFO]: [SuperiorSkyblock2] Enabling the module nashorn-engine...
[21:00:09] [Server thread/INFO]: [SuperiorSkyblock2] Finished enabling the module nashorn-engine (Took 671ms)
[21:00:09] [Server thread/INFO]: -------- World Settings For [SuperiorWorld] --------
[21:00:09] [Server thread/INFO]: Nerfing mobs spawned from spawners: false
[21:00:09] [Server thread/INFO]: Mob Spawn Range: 4
[21:00:09] [Server thread/INFO]: Anti X-Ray: true
[21:00:09] [Server thread/INFO]: 	Engine Mode: 1
[21:00:09] [Server thread/INFO]: 	Hidden Blocks: [14, 15, 16, 21, 48, 49, 54, 56, 73, 74, 82, 129, 130]
[21:00:09] [Server thread/INFO]: 	Replace Blocks: [1, 5]
[21:00:09] [Server thread/INFO]: Cactus Growth Modifier: 100%
[21:00:09] [Server thread/INFO]: Cane Growth Modifier: 100%
[21:00:09] [Server thread/INFO]: Melon Growth Modifier: 100%
[21:00:09] [Server thread/INFO]: Mushroom Growth Modifier: 100%
[21:00:09] [Server thread/INFO]: Pumpkin Growth Modifier: 100%
[21:00:09] [Server thread/INFO]: Sapling Growth Modifier: 100%
[21:00:09] [Server thread/INFO]: Wheat Growth Modifier: 100%
[21:00:09] [Server thread/INFO]: NetherWart Growth Modifier: 100%
[21:00:09] [Server thread/INFO]: Entity Activation Range: An 32 / Mo 32 / Mi 16
[21:00:09] [Server thread/INFO]: Entity Tracking Range: Pl 48 / An 48 / Mo 48 / Mi 32 / Other 64
[21:00:09] [Server thread/INFO]: Hopper Transfer: 8 Hopper Check: 8 Hopper Amount: 1
[21:00:09] [Server thread/INFO]: Random Lighting Updates: false
[21:00:09] [Server thread/INFO]: Structure Info Saving: true
[21:00:09] [Server thread/INFO]: Sending up to 10 chunks per packet
[21:00:09] [Server thread/INFO]: Max Entity Collisions: 8
[21:00:09] [Server thread/INFO]: Custom Map Seeds:  Village: 10387312 Feature: 14357617
[21:00:09] [Server thread/INFO]: Max TNT Explosions: 100
[21:00:09] [Server thread/INFO]: Tile Max Tick Time: 50ms Entity max Tick Time: 50ms
[21:00:09] [Server thread/INFO]: Item Despawn Rate: 6000
[21:00:09] [Server thread/INFO]: Item Merge Radius: 2.5
[21:00:09] [Server thread/INFO]: Arrow Despawn Rate: 1200
[21:00:09] [Server thread/INFO]: View Distance: 4
[21:00:09] [Server thread/INFO]: Allow Zombie Pigmen to spawn from portal blocks: true
[21:00:09] [Server thread/INFO]: Zombie Aggressive Towards Villager: true
[21:00:09] [Server thread/INFO]: Chunks to Grow per Tick: 650
[21:00:09] [Server thread/INFO]: Clear tick list: false
[21:00:09] [Server thread/INFO]: Experience Merge Radius: 3.0
[21:00:09] [Server thread/INFO]: -------- World Settings For [SuperiorWorld] --------
[21:00:09] [Server thread/INFO]: Remove invalid mob spawner tile entities: true
[21:00:09] [Server thread/INFO]: Player blocking damage multiplier set to 0.5
[21:00:09] [Server thread/INFO]: Squids will spawn between Y: 45.0 and Y: 63.0
[21:00:09] [Server thread/INFO]: Max height for cactus growth 3. Max height for reed growth 3
[21:00:09] [Server thread/INFO]: Living Entity Despawn Ranges:  Soft: 32 Hard: 128
[21:00:09] [Server thread/INFO]: Water over lava flow speed: 5
[21:00:09] [Server thread/INFO]: Fix TNT cannons: false
[21:00:09] [Server thread/INFO]: Allow undead horse types to be leashed: false
[21:00:09] [Server thread/INFO]: Keep spawn chunk loaded: true
[21:00:09] [Server thread/INFO]: World async lighting: false
[21:00:09] [Server thread/INFO]: WorldServer TickNextTick cap set at 10000
[21:00:09] [Server thread/INFO]: WorldServer TickNextTickList cap always processes redstone: false
[21:00:09] [Server thread/INFO]: Preparing start region for level 3 (Seed: 2853186634664907799)
[21:00:10] [Server thread/INFO]: [SuperiorSkyblock2] Enabling the module bank...
[21:00:10] [Server thread/INFO]: [SuperiorSkyblock2] Finished enabling the module bank (Took 16ms)
[21:00:10] [Server thread/INFO]: [SuperiorSkyblock2] Enabling the module missions...
[21:00:10] [Server thread/INFO]: [SuperiorSkyblock2] Registered mission miner_2
[21:00:10] [Server thread/INFO]: [SuperiorSkyblock2] Registered mission miner_3
[21:00:10] [Server thread/INFO]: [SuperiorSkyblock2] Registered mission miner_5
[21:00:10] [Server thread/INFO]: [SuperiorSkyblock2] Registered mission miner_4
[21:00:10] [Server thread/INFO]: [SuperiorSkyblock2] Registered mission miner_1
[21:00:10] [Server thread/INFO]: [SuperiorSkyblock2] Registered mission slayer_4
[21:00:10] [Server thread/INFO]: [SuperiorSkyblock2] Registered mission slayer_3
[21:00:10] [Server thread/INFO]: [SuperiorSkyblock2] Registered mission slayer_2
[21:00:10] [Server thread/INFO]: [SuperiorSkyblock2] Registered mission slayer_1
[21:00:10] [Server thread/INFO]: [SuperiorSkyblock2] Registered mission farmer_3
[21:00:10] [Server thread/INFO]: [SuperiorSkyblock2] Registered mission farmer_2
[21:00:10] [Server thread/INFO]: [SuperiorSkyblock2] Registered mission farmer_5
[21:00:10] [Server thread/ERROR]: [SuperiorSkyblock2] [config.yml] Couldn't convert rewards.items.1 into an itemstack. Check type & data sections!
[21:00:10] [Server thread/INFO]: [SuperiorSkyblock2] Registered mission farmer_1
[21:00:10] [Server thread/INFO]: [SuperiorSkyblock2] Registered mission farmer_4
[21:00:10] [Server thread/INFO]: [SuperiorSkyblock2] Registered mission fisherman_3
[21:00:10] [Server thread/INFO]: [SuperiorSkyblock2] Registered mission fisherman_2
[21:00:10] [Server thread/INFO]: [SuperiorSkyblock2] Registered mission fisherman_1
[21:00:10] [Server thread/INFO]: [SuperiorSkyblock2] Registered mission explorer_1
[21:00:10] [Server thread/INFO]: [SuperiorSkyblock2] Registered mission explorer_2
[21:00:10] [Server thread/INFO]: [SuperiorSkyblock2] Finished enabling the module missions (Took 347ms)
[21:00:10] [Server thread/INFO]: [SuperiorSkyblock2] Enabling the module generators...
[21:00:10] [Server thread/INFO]: [SuperiorSkyblock2] Finished enabling the module generators (Took 9ms)
[21:00:10] [Server thread/INFO]: [SuperiorSkyblock2] Enabling the module upgrades...
[21:00:10] [Server thread/INFO]: [SuperiorSkyblock2] Finished enabling the module upgrades (Took 30ms)
[21:00:11] [Server thread/INFO]: [SuperiorSkyblock2] Loading messages started...
[21:00:11] [Server thread/INFO]: [SuperiorSkyblock2]  - Found 699 messages in the language files.
[21:00:11] [Server thread/INFO]: [SuperiorSkyblock2] Loading messages done (Took 783ms)
[21:00:13] [Server thread/INFO]: [SuperiorSkyblock2] Successfully loaded schematic mycel_the_end.schematic (DefaultSchematicParser)
[21:00:13] [Server thread/INFO]: [SuperiorSkyblock2] Successfully loaded schematic mycel_nether.schematic (DefaultSchematicParser)
[21:00:13] [Server thread/INFO]: [SuperiorSkyblock2] Successfully loaded schematic normal_nether.schematic (DefaultSchematicParser)
[21:00:13] [Server thread/INFO]: [SuperiorSkyblock2] Successfully loaded schematic normal_the_end.schematic (DefaultSchematicParser)
[21:00:14] [Server thread/INFO]: [SuperiorSkyblock2] Successfully loaded schematic mycel.schematic (DefaultSchematicParser)
[21:00:14] [Server thread/INFO]: [SuperiorSkyblock2] Successfully loaded schematic desert.schematic (DefaultSchematicParser)
[21:00:14] [Server thread/INFO]: [SuperiorSkyblock2] Successfully loaded schematic desert_the_end.schematic (DefaultSchematicParser)
[21:00:14] [Server thread/INFO]: [SuperiorSkyblock2] Successfully loaded schematic normal.schematic (DefaultSchematicParser)
[21:00:14] [Server thread/INFO]: [SuperiorSkyblock2] Successfully loaded schematic desert_nether.schematic (DefaultSchematicParser)
[21:00:14] [Server thread/INFO]: [SuperiorSkyblock2] Trying to connect to local database (SQLite)...
[21:00:14] [Server thread/INFO]: [SuperiorSkyblock2] Successfully established connection with local database!
[21:00:14] [Server thread/INFO]: [SuperiorSkyblock2] Creating a backup file...
[21:00:14] [Server thread/INFO]: [SuperiorSkyblock2] Backup done!
[21:00:14] [Server thread/INFO]: [SuperiorSkyblock2] Starting to load players...
[21:00:14] [Server thread/INFO]: [SuperiorSkyblock2] Finished loading 2 players (Took 9ms)
[21:00:14] [Server thread/INFO]: [SuperiorSkyblock2] Starting to load islands...
[21:00:14] [Server thread/INFO]: [SuperiorSkyblock2] Finished loading 1 islands (Took 62ms)
[21:00:14] [Server thread/INFO]: [SuperiorSkyblock2] Starting to load grid...
[21:00:14] [Server thread/INFO]: [SuperiorSkyblock2] Finished grid!
[21:00:14] [Server thread/INFO]: [SuperiorSkyblock2] Starting to load stacked blocks...
[21:00:14] [Server thread/INFO]: [SuperiorSkyblock2] Finished stacked blocks!
[21:00:14] [Server thread/INFO]: [SuperiorSkyblock2] 
[21:00:14] [Server thread/INFO]: [SuperiorSkyblock2] A new version is available (v2024.4)!
[21:00:14] [Server thread/INFO]: [SuperiorSkyblock2] Version's description: "Added support for 1.21.3, bug fixes and more!"
[21:00:14] [Server thread/INFO]: [SuperiorSkyblock2] 
[21:00:15] [Server thread/INFO]: [SimpleHomes] Enabling SimpleHomes v2.2
[21:00:15] [Server thread/INFO]: [ItemEdit] Enabling ItemEdit v3.5.2
[21:00:15] [Server thread/INFO]: [0;34;22m[[0;37;1mItemEdit[0;34;22m] [0;37;1mSelected Storage Type: YAML[m

[21:00:15] [Server thread/INFO]: [0;34;22m[[0;37;1mItemEdit[0;34;22m] [0;37;1mUnable to hook into Vault[m

[21:00:15] [Server thread/INFO]: [0;34;22m[[0;37;1mItemEdit[0;34;22m] [0;37;1m[0;32;1m# [0;37;1mEnabled (took [0;33;1m103[0;37;1m ms)[m

[21:00:15] [Server thread/INFO]: [SimpleTpa] Enabling SimpleTpa v6.4
[21:00:15] [Server thread/INFO]: [0;33;1m[21m[SimpleTpa] If you need support contact me at https://discord.gg/SZUkza9[m

[21:00:15] [Server thread/INFO]: [0;33;1m[21m[SimpleTpa] Simple Tpa has been enabled on version 6.4[m

[21:00:15] [Server thread/INFO]: Enabled metrics. You may opt-out by changing plugins/bStats/config.yml
[21:00:15] [Server thread/INFO]: [ViaVersion] Enabling ViaVersion v5.1.1
[21:00:15] [Server thread/INFO]: [Essentials] Enabling Essentials v2.21.0-dev+115-6157668
[21:00:15] [Server thread/INFO]: You are running a server with limited API functionality. EssentialsX will still work, but certain features may be disabled.
[21:00:15] [Server thread/WARN]: ยง4Version mismatch! Please update EssentialsSpawn to the same version.
[21:00:15] [Server thread/INFO]: Attempting to convert old kits in config.yml to new kits.yml
[21:00:15] [Server thread/INFO]: No kits found to migrate.
[21:00:16] [Server thread/INFO]: Loaded 853 items from items.csv.
[21:00:16] [Server thread/INFO]: Using locale en
[21:00:16] [Server thread/INFO]: ServerListPingEvent: Spigot iterator API
[21:00:16] [Server thread/INFO]: Starting Metrics. Opt-out using the global bStats config.
[21:00:16] [Server thread/WARN]: Detected supported permissions plugin LuckPerms without Vault installed.
[21:00:16] [Server thread/WARN]: Features such as chat prefixes/suffixes and group-related functionality will not work until you install Vault.
[21:00:16] [Server thread/INFO]: Using superperms-based permissions.
[21:00:16] [Server thread/INFO]: [UltimateCore-Farm] Enabling UltimateCore-Farm v5.2.8
[21:00:16] [Server thread/INFO]: [0;33;1m[UltimateCore-Farm] [0;31;1mWaning Regions Plugin wasn't found please install it![m

[21:00:16] [Server thread/INFO]: [UltimateCore-Farm] Disabling UltimateCore-Farm v5.2.8
[21:00:16] [Server thread/INFO]: [UltimateCore-Farm] UltimateCore-Farm Disabled!
[21:00:16] [Server thread/INFO]: [0;33;1mUltimateCore-Farm Has been enabled![m

[21:00:16] [Server thread/INFO]: [UltimateCore-Collections] Enabling UltimateCore-Collections v5.2.8
[21:00:16] [Server thread/INFO]: [UltimateCore-Collections] Using SQLite (local) database.
[21:00:16] [Server thread/WARN]: SLF4J: No SLF4J providers were found.

[21:00:16] [Server thread/WARN]: SLF4J: Defaulting to no-operation (NOP) logger implementation

[21:00:16] [Server thread/WARN]: SLF4J: See https://www.slf4j.org/codes.html#noProviders for further details.

[21:00:16] [Server thread/INFO]: [0;33;1mUltimateCore-Collections Has been enabled![m

[21:00:16] [Server thread/INFO]: [UltimateCore-Anvil] Enabling UltimateCore-Anvil v5.2.8
[21:00:16] [Server thread/INFO]: [0;33;1m[UltimateCore-Anvil] Has been enabled![m

[21:00:16] [Server thread/INFO]: [EssentialsProtect] Enabling EssentialsProtect v2.21.0-dev+115-6157668
[21:00:16] [Server thread/INFO]: Continuing to enable Protect.
[21:00:16] [Server thread/INFO]: Starting Metrics. Opt-out using the global bStats config.
[21:00:16] [Server thread/INFO]: [UltimateCore-Alchemy] Enabling UltimateCore-Alchemy v5.2.8
[21:00:16] [Server thread/INFO]: [0;33;1mUltimateCore-Alchemy Has been enabled![m

[21:00:16] [Server thread/INFO]: [UltimateCore-Souls] Enabling UltimateCore-Souls v5.2.8
[21:00:16] [Server thread/INFO]: [UltimateCore-Souls] Using SQLite (local) database.
[21:00:16] [Server thread/INFO]: [0;33;1mUltimateCore-Souls Has been enabled![m

[21:00:16] [Server thread/INFO]: [EssentialsChat] Enabling EssentialsChat v2.21.0-dev+115-6157668
[21:00:16] [Server thread/INFO]: Starting Metrics. Opt-out using the global bStats config.
[21:00:16] [Server thread/INFO]: [EssentialsGeoIP] Enabling EssentialsGeoIP v2.21.0-dev+115-6157668
[21:00:16] [Server thread/ERROR]: No license key found! Please visit https://essentialsx.net/geoip for first time setup instructions.
[21:00:16] [Server thread/ERROR]: Failed to read GeoIP database!
java.io.FileNotFoundException: plugins/EssentialsGeoIP/GeoIP2-Country.mmdb (No such file or directory)
	at java.io.RandomAccessFile.open0(Native Method) ~[?:?]
	at java.io.RandomAccessFile.open(RandomAccessFile.java:356) ~[?:?]
	at java.io.RandomAccessFile.<init>(RandomAccessFile.java:273) ~[?:?]
	at java.io.RandomAccessFile.<init>(RandomAccessFile.java:223) ~[?:?]
	at com.earth2me.essentials.geoip.libs.maxmind.db.BufferHolder.<init>(BufferHolder.java:19) ~[?:?]
	at com.earth2me.essentials.geoip.libs.maxmind.db.Reader.<init>(Reader.java:116) ~[?:?]
	at com.earth2me.essentials.geoip.libs.maxmind.geoip2.DatabaseReader.<init>(DatabaseReader.java:66) ~[?:?]
	at com.earth2me.essentials.geoip.libs.maxmind.geoip2.DatabaseReader.<init>(DatabaseReader.java:54) ~[?:?]
	at com.earth2me.essentials.geoip.libs.maxmind.geoip2.DatabaseReader$Builder.build(DatabaseReader.java:160) ~[?:?]
	at com.earth2me.essentials.geoip.EssentialsGeoIPPlayerListener.reloadConfig(EssentialsGeoIPPlayerListener.java:176) ~[?:?]
	at com.earth2me.essentials.geoip.EssentialsGeoIPPlayerListener.<init>(EssentialsGeoIPPlayerListener.java:52) ~[?:?]
	at com.earth2me.essentials.geoip.EssentialsGeoIP.onEnable(EssentialsGeoIP.java:34) ~[?:?]
	at org.bukkit.plugin.java.JavaPlugin.setEnabled(JavaPlugin.java:321) ~[patched_1.8.8.jar:git-PaperSpigot-445]
	at org.bukkit.plugin.java.JavaPluginLoader.enablePlugin(JavaPluginLoader.java:332) ~[patched_1.8.8.jar:git-PaperSpigot-445]
	at org.bukkit.plugin.SimplePluginManager.enablePlugin(SimplePluginManager.java:407) ~[patched_1.8.8.jar:git-PaperSpigot-445]
	at org.bukkit.craftbukkit.v1_8_R3.CraftServer.loadPlugin(CraftServer.java:359) ~[patched_1.8.8.jar:git-PaperSpigot-445]
	at org.bukkit.craftbukkit.v1_8_R3.CraftServer.enablePlugins(CraftServer.java:318) ~[patched_1.8.8.jar:git-PaperSpigot-445]
	at net.minecraft.server.v1_8_R3.MinecraftServer.s(MinecraftServer.java:408) ~[patched_1.8.8.jar:git-PaperSpigot-445]
	at net.minecraft.server.v1_8_R3.MinecraftServer.k(MinecraftServer.java:372) ~[patched_1.8.8.jar:git-PaperSpigot-445]
	at net.minecraft.server.v1_8_R3.MinecraftServer.a(MinecraftServer.java:327) ~[patched_1.8.8.jar:git-PaperSpigot-445]
	at net.minecraft.server.v1_8_R3.DedicatedServer.init(DedicatedServer.java:267) ~[patched_1.8.8.jar:git-PaperSpigot-445]
	at net.minecraft.server.v1_8_R3.MinecraftServer.run(MinecraftServer.java:563) ~[patched_1.8.8.jar:git-PaperSpigot-445]
	at java.lang.Thread.run(Thread.java:1583) [?:?]
[21:00:16] [Server thread/INFO]: This product includes GeoLite2 data created by MaxMind, available from http://www.maxmind.com/.
[21:00:16] [Server thread/INFO]: Starting Metrics. Opt-out using the global bStats config.
[21:00:16] [Server thread/INFO]: [EssentialsAntiBuild] Enabling EssentialsAntiBuild v2.21.0-dev+115-6157668
[21:00:16] [Server thread/INFO]: Starting Metrics. Opt-out using the global bStats config.
[21:00:16] [Server thread/INFO]: [EssentialsSpawn] Enabling EssentialsSpawn v2.21.0-dev+121-f7a8f86
[21:00:16] [Server thread/WARN]: ยง4Version mismatch! Please update all Essentials jars to the same version.
[21:00:16] [Server thread/INFO]: Starting Metrics. Opt-out using the global bStats config.
[21:00:16] [Server thread/INFO]: [UltimateCore-Dragon] Enabling UltimateCore-Dragon v5.2.8
[21:00:16] [Server thread/INFO]: [0;33;1m[UltimateCore-Dragon] [0;32;1mSuccessfully loaded 4 rewards![m

[21:00:16] [Server thread/INFO]: [0;33;1m[UltimateCore-Dragon] [0;32;1mSuccessfully loaded 3 dragons![m

[21:00:16] [Server thread/INFO]: [UltimateCore-Dragon] Using SQLite (local) database.
[21:00:16] [Server thread/INFO]: [0;31;1m[UltimateCore-Dragon] Schematic structureatic wasn't found![m

[21:00:16] [Server thread/INFO]: [0;33;1m[UltimateCore-Dragon] Has been enabled![m

[21:00:16] [Server thread/INFO]: [AdvancedEnchantments] Enabling AdvancedEnchantments v8.13.8
[21:00:17] [Server thread/INFO]: [AdvancedEnchantments] Seems like you aren't running a Spigot server. Many features will not work properly.

[21:00:17] [Server thread/INFO]: [AdvancedEnchantments] The server fork CraftBukkit is not supported by AdvancedEnchantments.

[21:00:17] [Server thread/INFO]: [AdvancedEnchantments] Consider using Spigot or Paper instead.

[21:00:17] [Server thread/INFO]: [AdvancedEnchantments] Successfully hooked into ProtocolLib.
[21:00:17] [Server thread/INFO]: [AdvancedEnchantments] Successfully hooked into Essentials.
[21:00:17] [Server thread/INFO]: [AdvancedEnchantments] Loaded 7 armor sets.
[21:00:17] [Server thread/INFO]: [AdvancedEnchantments] Loaded 5 weapons.
[21:00:17] [Server thread/ERROR]: [AdvancedEnchantments] Plugin AdvancedEnchantments v8.13.8 has failed to register events for class net.advancedplugins.ae.enchanthandler.enchanttypes.EFFECT_STATIC because org/bukkit/event/entity/EntityResurrectEvent does not exist.
[21:00:17] [Server thread/INFO]: [AuthMe] Enabling AuthMe v5.6.0-bCUSTOM
[21:00:18] [Server thread/INFO]: [AuthMe] SQLite Setup finished
[21:00:18] [Server thread/INFO]: [AuthMe] Hooked into LuckPerms!
[21:00:18] [Server thread/INFO]: [AuthMe] Hooked successfully into Essentials
[21:00:18] [Server thread/INFO]: [AuthMe] Essentials spawn file not found: '/workspaces/itemtester/server/plugins/Essentials/spawn.yml'
[21:00:18] [Server thread/INFO]: [AuthMe] AuthMe 5.6.0 build n.CUSTOM successfully enabled!
[21:00:18] [Server thread/INFO]: [CustomRecipes] Enabling CustomRecipes v1.9.7
[21:00:18] [Server thread/INFO]: [CustomRecipes] Made by MehBoss on Spigot. For support please PM me and I will get back to you as soon as possible!
[21:00:18] [Server thread/INFO]: [CustomRecipes] Loading Recipes..
[21:00:18] [Server thread/WARN]: [CustomRecipes] Could not find configuration section HavenBag in the recipe file that must match its filename: HavenBag.yml - (CaSeSeNsItIvE) - Skipping this recipe
[21:00:18] [Server thread/INFO]: [CustomRecipes] Loaded 14 recipes.
[21:00:18] [Server thread/INFO]: [UltimateCore-Enchantment] Enabling UltimateCore-Enchantment v5.2.8
[21:00:18] [Server thread/INFO]: [0;33;1mUltimateCore-Enchantment [0;32;1mSuccessfully hooked into AdvancedEnchantments![m

[21:00:18] [Server thread/INFO]: [0;33;1mUltimateCore-Enchantment [0;31;1mError loading enchantment with ID BINDING_CURSE![m

[21:00:18] [Server thread/INFO]: [0;33;1mUltimateCore-Enchantment [0;31;1mError loading enchantment with ID CHANNELING![m

[21:00:18] [Server thread/INFO]: [0;33;1mUltimateCore-Enchantment [0;31;1mError loading enchantment with ID FROST_WALKER![m

[21:00:18] [Server thread/INFO]: [0;33;1mUltimateCore-Enchantment [0;31;1mError loading enchantment with ID IMPALING![m

[21:00:18] [Server thread/INFO]: [0;33;1mUltimateCore-Enchantment [0;31;1mError loading enchantment with ID LOYALTY![m

[21:00:18] [Server thread/INFO]: [0;33;1mUltimateCore-Enchantment [0;31;1mError loading enchantment with ID MENDING![m

[21:00:18] [Server thread/INFO]: [0;33;1mUltimateCore-Enchantment [0;31;1mError loading enchantment with ID MULTISHOT![m

[21:00:18] [Server thread/INFO]: [0;33;1mUltimateCore-Enchantment [0;31;1mError loading enchantment with ID PIERCING![m

[21:00:18] [Server thread/INFO]: [0;33;1mUltimateCore-Enchantment [0;33;22mSuccessfully loaded 24 Vanilla Enchantments![m

[21:00:18] [Server thread/INFO]: [0;33;1mUltimateCore-Enchantment [0;35;1mSuccessfully loaded 0 enchantments from AdvancedEnchantments![m

[21:00:18] [Server thread/INFO]: [0;33;1mUltimateCore-Enchantment [0;36;1mSuccessfully loaded 0 enchantments from EcoEnchants![m

[21:00:18] [Server thread/INFO]: [0;33;1mUltimateCore-Enchantment Has been enabled![m

[21:00:18] [Server thread/INFO]: [UltimateCore-Skills] Enabling UltimateCore-Skills v5.2.8
[21:00:19] [Server thread/INFO]: [UltimateCore-Skills] Using SQLite (local) database.
[21:00:19] [Server thread/INFO]: [0;33;1m[UltimateCore-Skills] [0;32;1mSuccessfully hooked into HyperEnchants![m

[21:00:19] [Server thread/INFO]: [0;33;1m[UltimateCore-Skills] [0;32;1mSuccessfully hooked into HyperAnvil![m

[21:00:19] [Server thread/ERROR]: [UltimateCore-Skills] Plugin UltimateCore-Skills v5.2.8 has failed to register events for class mc.ultimatecore.skills.listener.skills.HyperRegionListener because mc/ultimatecore/farm/events/HyperBlockBreakEvent does not exist.
[21:00:19] [Server thread/INFO]: [0;33;1m[UltimateCore-Skills] [0;32;1mSuccessfully hooked into HyperRegions![m

[21:00:19] [Server thread/INFO]: [0;33;1mUltimateCore-Skills Has been enabled![m

[21:00:19] [Server thread/INFO]: [UltimateCore-Talismans] Enabling UltimateCore-Talismans v5.2.8
[21:00:19] [Server thread/INFO]: [0;33;1m[HyperTalismans] [0;32;1mSuccessfully loaded 7 talismans![m

[21:00:19] [Server thread/INFO]: [UltimateCore-Talismans] Using SQLite (local) database.
[21:00:19] [Server thread/INFO]: [0;33;1m[UltimateCore-Talismans] [0;31;1mNo region plugin was found please install it![m

[21:00:19] [Server thread/INFO]: [0;33;1mUltimateCore-Talismans Has been enabled![m

[21:00:19] [Server thread/INFO]: [UltimateCore-Reforge] Enabling UltimateCore-Reforge v5.2.8
[21:00:19] [Server thread/INFO]: [0;31;1m[HyperReforge] [0;31;1mIMPALING is not recognized as an enchantment![m

[21:00:19] [Server thread/INFO]: [0;31;1m[HyperReforge] [0;31;1mIMPALING is not recognized as an enchantment![m

[21:00:19] [Server thread/INFO]: [0;31;1m[HyperReforge] [0;31;1mMUTLISHOT is not recognized as an enchantment![m

[21:00:19] [Server thread/INFO]: [0;33;1m[HyperReforge] [0;32;1m3 Has been successfully loaded![m

[21:00:19] [Server thread/INFO]: [0;33;1m[UltimateCore-Reforge] Has been enabled![m

[21:00:19] [Server thread/INFO]: [UltimateCore-Runes] Enabling UltimateCore-Runes v5.2.8
[21:00:19] [Server thread/INFO]: [0;33;1m[UltimateCore-Runes] Has been enabled![m

[21:00:19] [Server thread/INFO]: [UltimateCore-Pets] Enabling UltimateCore-Pets v5.2.8
[21:00:19] [Server thread/INFO]: [NBTAPI] Found Spigot: v1_8_R3! Trying to find NMS support
[21:00:19] [Server thread/INFO]: [NBTAPI] NMS support 'MC1_8_R3' loaded!
[21:00:19] [Server thread/INFO]: [NBTAPI] Found Gson: class com.google.gson.Gson
[21:00:19] [Server thread/INFO]: [UltimateCore-Pets] Using SQLite (local) database.
[21:00:19] [Server thread/INFO]: [UltimateCore-Menu] Enabling UltimateCore-Menu v5.2.8
[21:00:19] [Server thread/INFO]: [0;33;1mUltimateCore-Menu Has been enabled![m

[21:00:19] [Server thread/INFO]: Server permissions file permissions.yml is empty, ignoring it
[21:00:19] [Server thread/INFO]: Done (15.943s)! For help, type "help" or "?"
[21:00:19] [Server thread/INFO]: Timings Reset
[21:00:19] [Thread-10/WARN]: [NBTAPI] The NBT-API located at 'package mc.ultimatecore.pets.depends.changeme.nbtapi' seems to be outdated!
[21:00:19] [Thread-10/WARN]: [NBTAPI] Current Version: '2.10.0' Newest Version: 2.14.0'
[21:00:19] [Thread-10/WARN]: [NBTAPI] Please update the NBTAPI or the plugin that contains the api(nag the mod author when the newest release has an old version, not the NBTAPI dev)!
[21:00:19] [Craft Scheduler Thread - 0/INFO]: ยง6Fetching version information...
[21:00:19] [Server thread/INFO]: [SuperiorSkyblock2] Using LuckPerms as a permissions provider.
[21:00:19] [Server thread/INFO]: [SuperiorSkyblock2] Hooked into Essentials for support of vanish status of players.
[21:00:19] [Server thread/INFO]: [SuperiorSkyblock2] Hooked into Essentials for support of afk status of players.
[21:00:19] [Craft Scheduler Thread - 4/INFO]: [AuthMe] Downloading GEO IP database, because the old database is older than 30 days or doesn't exist
[21:00:19] [Craft Scheduler Thread - 4/WARN]: [AuthMe] No MaxMind credentials found in the configuration file! GeoIp protections will be disabled.
[21:00:19] [Craft Scheduler Thread - 4/INFO]: [AuthMe] There is no newer GEO IP database uploaded to MaxMind. Using the old one for now.
[21:00:19] [Craft Scheduler Thread - 4/WARN]: [AuthMe] Could not download GeoLiteAPI database [FileNotFoundException]: plugins/AuthMe/GeoLite2-Country.mmdb (No such file or directory)
[21:00:19] [Server thread/INFO]: [ViaVersion] ViaVersion detected server version: 1.8.x (47)
[21:00:19] [Server thread/WARN]: [ViaVersion] This version of Minecraft is extremely outdated and support for it has reached its end of life. You will still be able to run Via on this Minecraft version, but we will prioritize issues with legacy Minecraft versions less. Please consider updating to give your players a better experience and to avoid issues that have long been fixed.
[21:00:19] [Craft Scheduler Thread - 3/INFO]: [CustomRecipes] Checking for updates..
[21:00:19] [Craft Scheduler Thread - 3/INFO]: [CustomRecipes] We are all up to date with the latest version. Thank you for using custom recipes :)
[21:00:19] [Craft Scheduler Thread - 3/INFO]: [0;33;1mUltimateCore-Pets Has been enabled![m

[21:00:19] [Craft Scheduler Thread - 7/INFO]: [ViaVersion] Finished mapping loading, shutting down loader executor.
[21:00:19] [Craft Scheduler Thread - 6/INFO]: [0;31;1m[21m[SimpleTpa] There is a new update available.[m

[21:00:19] [Craft Scheduler Thread - 6/INFO]: [0;31;1m[SimpleTpa] There is a new update available:[m

[21:00:19] [Craft Scheduler Thread - 6/INFO]: [0;31;1m[SimpleTpa] https://www.spigotmc.org/resources/simple-tpa.64270/[m

[21:00:19] [Craft Scheduler Thread - 5/INFO]: [ItemEdit] New Update at https://spigotmc.org/resources/40993[m

[21:00:20] [Craft Scheduler Thread - 0/WARN]: ยง4You're ยงc29 ยง4EssentialsX dev build(s) out of date!
[21:00:20] [Craft Scheduler Thread - 0/WARN]: ยง4Download it here:ยงc https://essentialsx.net/downloads.html
[21:02:42] [Thread-12/INFO]: UUID of player MrFlop is 52138ced-207e-3c03-b2ae-a0eec499a912
[21:02:42] [Server thread/INFO]: MrFlop[/[0:0:0:0:0:0:0:1]:45414] logged in with entity id 444 at ([world]9.821139951937287, 76.62156743371933, 285.55153726246294)
[21:02:42] [Craft Scheduler Thread - 4/WARN]: Unable to fetch GeoIP data for MrFlop. Please ensure that your license key and configuration are correct.
[21:02:46] [Craft Scheduler Thread - 4/INFO]: [AuthMe] The user MrFlop has 2 accounts:
[21:02:46] [Craft Scheduler Thread - 4/INFO]: [AuthMe] ยง7_questionmark_, ยงaMrFlopยง7.
[21:02:46] [Craft Scheduler Thread - 4/INFO]: [AuthMe] MrFlop logged in 0:0:0:0:0:0:0:1
[21:02:47] [Craft Scheduler Thread - 11/INFO]: [UltimateCore-Souls] Loaded Souls of player MrFlop from database
[21:02:47] [Craft Scheduler Thread - 0/INFO]: [NBTAPI] Found Spigot: v1_8_R3! Trying to find NMS support
[21:02:47] [Craft Scheduler Thread - 0/INFO]: [NBTAPI] NMS support 'MC1_8_R3' loaded!
[21:02:47] [Craft Scheduler Thread - 0/INFO]: [NBTAPI] Found Gson: class com.google.gson.Gson
[21:02:47] [Thread-13/WARN]: [NBTAPI] The NBT-API located at 'package mc.ultimatecore.tailsmans.depends.changeme.nbtapi' seems to be outdated!
[21:02:47] [Thread-13/WARN]: [NBTAPI] Current Version: '2.10.0' Newest Version: 2.14.0'
[21:02:47] [Thread-13/WARN]: [NBTAPI] Please update the NBTAPI or the plugin that contains the api(nag the mod author when the newest release has an old version, not the NBTAPI dev)!
[21:02:51] [Server thread/INFO]: [NBTAPI] Found Spigot: v1_8_R3! Trying to find NMS support
[21:02:51] [Server thread/INFO]: [NBTAPI] NMS support 'MC1_8_R3' loaded!
[21:02:51] [Server thread/INFO]: [NBTAPI] Found Gson: class com.google.gson.Gson
[21:02:51] [Thread-26/WARN]: [NBTAPI] The NBT-API located at 'package mc.ultimatecore.skills.depends.changeme.nbtapi' seems to be outdated!
[21:02:51] [Thread-26/WARN]: [NBTAPI] Current Version: '2.10.0' Newest Version: 2.14.0'
[21:02:51] [Thread-26/WARN]: [NBTAPI] Please update the NBTAPI or the plugin that contains the api(nag the mod author when the newest release has an old version, not the NBTAPI dev)!
[21:03:12] [Server thread/INFO]: MrFlop issued server command: /craft
[21:03:58] [Server thread/INFO]: MrFlop issued server command: /craft
[21:04:06] [Server thread/INFO]: [NBTAPI] Found Spigot: v1_8_R3! Trying to find NMS support
[21:04:06] [Server thread/INFO]: [NBTAPI] NMS support 'MC1_8_R3' loaded!
[21:04:06] [Server thread/INFO]: [NBTAPI] Found Gson: class com.google.gson.Gson
[21:04:06] [Thread-327/WARN]: [NBTAPI] The NBT-API located at 'package mc.ultimatecore.runes.depends.changeme.nbtapi' seems to be outdated!
[21:04:06] [Thread-327/WARN]: [NBTAPI] Current Version: '2.10.0' Newest Version: 2.14.0'
[21:04:06] [Thread-327/WARN]: [NBTAPI] Please update the NBTAPI or the plugin that contains the api(nag the mod author when the newest release has an old version, not the NBTAPI dev)!
[21:16:38] [Server thread/INFO]: MrFlop issued server command: /cr
[21:16:41] [Server thread/INFO]: MrFlop issued server command: /cr reload
[21:16:41] [Server thread/WARN]: [DEBUG][CustomRecipes] Enchantment - ANTISUN for the recipe VietnameseRiceFarmerHat is not valid. Skipping..
[21:16:41] [Server thread/WARN]: [CustomRecipes] Could not find configuration section HavenBag in the recipe file that must match its filename: HavenBag.yml - (CaSeSeNsItIvE) - Skipping this recipe
[21:16:44] [Server thread/INFO]: MrFlop issued server command: /cr
[21:16:46] [Server thread/INFO]: MrFlop issued server command: /cr book
[21:17:00] [Server thread/INFO]: MrFlop issued server command: /cr give
[21:17:07] [Server thread/INFO]: MrFlop issued server command: /cr give MrFlop Vietnamese
[21:17:17] [Server thread/INFO]: MrFlop issued server command: /cr give MrFlop vietnamesericefarmerhat
[21:17:38] [Server thread/INFO]: MrFlop issued server command: /gm s
[21:17:41] [Server thread/INFO]: MrFlop issued server command: /give
[21:17:49] [Server thread/INFO]: MrFlop issued server command: /give MrFlop lava_bucket
[21:17:51] [Server thread/INFO]: [NBTAPI] Found Spigot: v1_8_R3! Trying to find NMS support
[21:17:51] [Server thread/INFO]: [NBTAPI] NMS support 'MC1_8_R3' loaded!
[21:17:51] [Server thread/INFO]: [NBTAPI] Found Gson: class com.google.gson.Gson
[21:17:51] [Thread-3627/WARN]: [NBTAPI] The NBT-API located at 'package mc.ultimatecore.dragon.depends.changeme.nbtapi' seems to be outdated!
[21:17:51] [Thread-3627/WARN]: [NBTAPI] Current Version: '2.10.0' Newest Version: 2.14.0'
[21:17:51] [Thread-3627/WARN]: [NBTAPI] Please update the NBTAPI or the plugin that contains the api(nag the mod author when the newest release has an old version, not the NBTAPI dev)!
[21:17:56] [Server thread/INFO]: MrFlop issued server command: /gm c
[21:18:14] [Server thread/ERROR]: Could not pass event BlockBreakEvent to UltimateCore-Skills v5.2.8
org.bukkit.event.EventException: null
	at org.bukkit.plugin.java.JavaPluginLoader$1.execute(JavaPluginLoader.java:302) ~[patched_1.8.8.jar:git-PaperSpigot-445]
	at co.aikar.timings.TimedEventExecutor.execute(TimedEventExecutor.java:78) ~[patched_1.8.8.jar:git-PaperSpigot-445]
	at org.bukkit.plugin.RegisteredListener.callEvent(RegisteredListener.java:62) ~[patched_1.8.8.jar:git-PaperSpigot-445]
	at org.bukkit.plugin.SimplePluginManager.fireEvent(SimplePluginManager.java:517) ~[patched_1.8.8.jar:git-PaperSpigot-445]
	at org.bukkit.plugin.SimplePluginManager.callEvent(SimplePluginManager.java:502) ~[patched_1.8.8.jar:git-PaperSpigot-445]
	at net.minecraft.server.v1_8_R3.PlayerInteractManager.breakBlock(PlayerInteractManager.java:286) ~[patched_1.8.8.jar:git-PaperSpigot-445]
	at net.minecraft.server.v1_8_R3.PlayerInteractManager.a(PlayerInteractManager.java:121) ~[patched_1.8.8.jar:git-PaperSpigot-445]
	at net.minecraft.server.v1_8_R3.PlayerConnection.a(PlayerConnection.java:626) ~[patched_1.8.8.jar:git-PaperSpigot-445]
	at net.minecraft.server.v1_8_R3.PacketPlayInBlockDig.a(SourceFile:40) ~[patched_1.8.8.jar:git-PaperSpigot-445]
	at net.minecraft.server.v1_8_R3.PacketPlayInBlockDig.a(SourceFile:10) ~[patched_1.8.8.jar:git-PaperSpigot-445]
	at net.minecraft.server.v1_8_R3.PlayerConnectionUtils$1.run(SourceFile:13) ~[patched_1.8.8.jar:git-PaperSpigot-445]
	at java.util.concurrent.Executors$RunnableAdapter.call(Executors.java:572) ~[?:?]
	at java.util.concurrent.FutureTask.run(FutureTask.java:317) ~[?:?]
	at net.minecraft.server.v1_8_R3.SystemUtils.a(SourceFile:44) ~[patched_1.8.8.jar:git-PaperSpigot-445]
	at net.minecraft.server.v1_8_R3.MinecraftServer.B(MinecraftServer.java:774) ~[patched_1.8.8.jar:git-PaperSpigot-445]
	at net.minecraft.server.v1_8_R3.DedicatedServer.B(DedicatedServer.java:378) ~[patched_1.8.8.jar:git-PaperSpigot-445]
	at net.minecraft.server.v1_8_R3.MinecraftServer.A(MinecraftServer.java:713) ~[patched_1.8.8.jar:git-PaperSpigot-445]
	at net.minecraft.server.v1_8_R3.MinecraftServer.run(MinecraftServer.java:616) ~[patched_1.8.8.jar:git-PaperSpigot-445]
	at java.lang.Thread.run(Thread.java:1583) [?:?]
Caused by: java.lang.NoClassDefFoundError: org/bukkit/material/Wood
	at com.cryptomorin.xseries.XBlock.getType(XBlock.java:574) ~[?:?]
	at mc.ultimatecore.skills.managers.SkillManager.manageBlockPoints(SkillManager.java:310) ~[?:?]
	at mc.ultimatecore.skills.listener.skills.BlockBreakListener.blockBreakSkills(BlockBreakListener.java:48) ~[?:?]
	at jdk.internal.reflect.DirectMethodHandleAccessor.invoke(DirectMethodHandleAccessor.java:103) ~[?:?]
	at java.lang.reflect.Method.invoke(Method.java:580) ~[?:?]
	at org.bukkit.plugin.java.JavaPluginLoader$1.execute(JavaPluginLoader.java:300) ~[patched_1.8.8.jar:git-PaperSpigot-445]
	... 18 more
Caused by: java.lang.ClassNotFoundException: org.bukkit.material.Wood
	at org.bukkit.plugin.java.PluginClassLoader.findClass(PluginClassLoader.java:92) ~[patched_1.8.8.jar:git-PaperSpigot-445]
	at org.bukkit.plugin.java.PluginClassLoader.findClass(PluginClassLoader.java:87) ~[patched_1.8.8.jar:git-PaperSpigot-445]
	at java.lang.ClassLoader.loadClass(ClassLoader.java:593) ~[?:?]
	at java.lang.ClassLoader.loadClass(ClassLoader.java:526) ~[?:?]
	at com.cryptomorin.xseries.XBlock.getType(XBlock.java:574) ~[?:?]
	at mc.ultimatecore.skills.managers.SkillManager.manageBlockPoints(SkillManager.java:310) ~[?:?]
	at mc.ultimatecore.skills.listener.skills.BlockBreakListener.blockBreakSkills(BlockBreakListener.java:48) ~[?:?]
	at jdk.internal.reflect.DirectMethodHandleAccessor.invoke(DirectMethodHandleAccessor.java:103) ~[?:?]
	at java.lang.reflect.Method.invoke(Method.java:580) ~[?:?]
	at org.bukkit.plugin.java.JavaPluginLoader$1.execute(JavaPluginLoader.java:300) ~[patched_1.8.8.jar:git-PaperSpigot-445]
	... 18 more
[21:18:15] [Server thread/ERROR]: Could not pass event BlockBreakEvent to UltimateCore-Skills v5.2.8
org.bukkit.event.EventException: null
	at org.bukkit.plugin.java.JavaPluginLoader$1.execute(JavaPluginLoader.java:302) ~[patched_1.8.8.jar:git-PaperSpigot-445]
	at co.aikar.timings.TimedEventExecutor.execute(TimedEventExecutor.java:78) ~[patched_1.8.8.jar:git-PaperSpigot-445]
	at org.bukkit.plugin.RegisteredListener.callEvent(RegisteredListener.java:62) ~[patched_1.8.8.jar:git-PaperSpigot-445]
	at org.bukkit.plugin.SimplePluginManager.fireEvent(SimplePluginManager.java:517) ~[patched_1.8.8.jar:git-PaperSpigot-445]
	at org.bukkit.plugin.SimplePluginManager.callEvent(SimplePluginManager.java:502) ~[patched_1.8.8.jar:git-PaperSpigot-445]
	at net.minecraft.server.v1_8_R3.PlayerInteractManager.breakBlock(PlayerInteractManager.java:286) ~[patched_1.8.8.jar:git-PaperSpigot-445]
	at net.minecraft.server.v1_8_R3.PlayerInteractManager.a(PlayerInteractManager.java:121) ~[patched_1.8.8.jar:git-PaperSpigot-445]
	at net.minecraft.server.v1_8_R3.PlayerConnection.a(PlayerConnection.java:626) ~[patched_1.8.8.jar:git-PaperSpigot-445]
	at net.minecraft.server.v1_8_R3.PacketPlayInBlockDig.a(SourceFile:40) ~[patched_1.8.8.jar:git-PaperSpigot-445]
	at net.minecraft.server.v1_8_R3.PacketPlayInBlockDig.a(SourceFile:10) ~[patched_1.8.8.jar:git-PaperSpigot-445]
	at net.minecraft.server.v1_8_R3.PlayerConnectionUtils$1.run(SourceFile:13) ~[patched_1.8.8.jar:git-PaperSpigot-445]
	at java.util.concurrent.Executors$RunnableAdapter.call(Executors.java:572) ~[?:?]
	at java.util.concurrent.FutureTask.run(FutureTask.java:317) ~[?:?]
	at net.minecraft.server.v1_8_R3.SystemUtils.a(SourceFile:44) ~[patched_1.8.8.jar:git-PaperSpigot-445]
	at net.minecraft.server.v1_8_R3.MinecraftServer.B(MinecraftServer.java:774) ~[patched_1.8.8.jar:git-PaperSpigot-445]
	at net.minecraft.server.v1_8_R3.DedicatedServer.B(DedicatedServer.java:378) ~[patched_1.8.8.jar:git-PaperSpigot-445]
	at net.minecraft.server.v1_8_R3.MinecraftServer.A(MinecraftServer.java:713) ~[patched_1.8.8.jar:git-PaperSpigot-445]
	at net.minecraft.server.v1_8_R3.MinecraftServer.run(MinecraftServer.java:616) ~[patched_1.8.8.jar:git-PaperSpigot-445]
	at java.lang.Thread.run(Thread.java:1583) [?:?]
Caused by: java.lang.NoClassDefFoundError: org/bukkit/material/Wood
	at com.cryptomorin.xseries.XBlock.getType(XBlock.java:574) ~[?:?]
	at mc.ultimatecore.skills.managers.SkillManager.manageBlockPoints(SkillManager.java:310) ~[?:?]
	at mc.ultimatecore.skills.listener.skills.BlockBreakListener.blockBreakSkills(BlockBreakListener.java:48) ~[?:?]
	at jdk.internal.reflect.DirectMethodHandleAccessor.invoke(DirectMethodHandleAccessor.java:103) ~[?:?]
	at java.lang.reflect.Method.invoke(Method.java:580) ~[?:?]
	at org.bukkit.plugin.java.JavaPluginLoader$1.execute(JavaPluginLoader.java:300) ~[patched_1.8.8.jar:git-PaperSpigot-445]
	... 18 more
Caused by: java.lang.ClassNotFoundException: org.bukkit.material.Wood
	at com.cryptomorin.xseries.XBlock.getType(XBlock.java:574) ~[?:?]
	at mc.ultimatecore.skills.managers.SkillManager.manageBlockPoints(SkillManager.java:310) ~[?:?]
	at mc.ultimatecore.skills.listener.skills.BlockBreakListener.blockBreakSkills(BlockBreakListener.java:48) ~[?:?]
	at jdk.internal.reflect.DirectMethodHandleAccessor.invoke(DirectMethodHandleAccessor.java:103) ~[?:?]
	at java.lang.reflect.Method.invoke(Method.java:580) ~[?:?]
	at org.bukkit.plugin.java.JavaPluginLoader$1.execute(JavaPluginLoader.java:300) ~[patched_1.8.8.jar:git-PaperSpigot-445]
	... 18 more
[21:18:15] [Server thread/ERROR]: Could not pass event BlockBreakEvent to UltimateCore-Skills v5.2.8
org.bukkit.event.EventException: null
	at org.bukkit.plugin.java.JavaPluginLoader$1.execute(JavaPluginLoader.java:302) ~[patched_1.8.8.jar:git-PaperSpigot-445]
	at co.aikar.timings.TimedEventExecutor.execute(TimedEventExecutor.java:78) ~[patched_1.8.8.jar:git-PaperSpigot-445]
	at org.bukkit.plugin.RegisteredListener.callEvent(RegisteredListener.java:62) ~[patched_1.8.8.jar:git-PaperSpigot-445]
	at org.bukkit.plugin.SimplePluginManager.fireEvent(SimplePluginManager.java:517) ~[patched_1.8.8.jar:git-PaperSpigot-445]
	at org.bukkit.plugin.SimplePluginManager.callEvent(SimplePluginManager.java:502) ~[patched_1.8.8.jar:git-PaperSpigot-445]
	at net.minecraft.server.v1_8_R3.PlayerInteractManager.breakBlock(PlayerInteractManager.java:286) ~[patched_1.8.8.jar:git-PaperSpigot-445]
	at net.minecraft.server.v1_8_R3.PlayerInteractManager.a(PlayerInteractManager.java:121) ~[patched_1.8.8.jar:git-PaperSpigot-445]
	at net.minecraft.server.v1_8_R3.PlayerConnection.a(PlayerConnection.java:626) ~[patched_1.8.8.jar:git-PaperSpigot-445]
	at net.minecraft.server.v1_8_R3.PacketPlayInBlockDig.a(SourceFile:40) ~[patched_1.8.8.jar:git-PaperSpigot-445]
	at net.minecraft.server.v1_8_R3.PacketPlayInBlockDig.a(SourceFile:10) ~[patched_1.8.8.jar:git-PaperSpigot-445]
	at net.minecraft.server.v1_8_R3.PlayerConnectionUtils$1.run(SourceFile:13) ~[patched_1.8.8.jar:git-PaperSpigot-445]
	at java.util.concurrent.Executors$RunnableAdapter.call(Executors.java:572) ~[?:?]
	at java.util.concurrent.FutureTask.run(FutureTask.java:317) ~[?:?]
	at net.minecraft.server.v1_8_R3.SystemUtils.a(SourceFile:44) ~[patched_1.8.8.jar:git-PaperSpigot-445]
	at net.minecraft.server.v1_8_R3.MinecraftServer.B(MinecraftServer.java:774) ~[patched_1.8.8.jar:git-PaperSpigot-445]
	at net.minecraft.server.v1_8_R3.DedicatedServer.B(DedicatedServer.java:378) ~[patched_1.8.8.jar:git-PaperSpigot-445]
	at net.minecraft.server.v1_8_R3.MinecraftServer.A(MinecraftServer.java:713) ~[patched_1.8.8.jar:git-PaperSpigot-445]
	at net.minecraft.server.v1_8_R3.MinecraftServer.run(MinecraftServer.java:616) ~[patched_1.8.8.jar:git-PaperSpigot-445]
	at java.lang.Thread.run(Thread.java:1583) [?:?]
Caused by: java.lang.NoClassDefFoundError: org/bukkit/material/Wood
	at com.cryptomorin.xseries.XBlock.getType(XBlock.java:574) ~[?:?]
	at mc.ultimatecore.skills.managers.SkillManager.manageBlockPoints(SkillManager.java:310) ~[?:?]
	at mc.ultimatecore.skills.listener.skills.BlockBreakListener.blockBreakSkills(BlockBreakListener.java:48) ~[?:?]
	at jdk.internal.reflect.DirectMethodHandleAccessor.invoke(DirectMethodHandleAccessor.java:103) ~[?:?]
	at java.lang.reflect.Method.invoke(Method.java:580) ~[?:?]
	at org.bukkit.plugin.java.JavaPluginLoader$1.execute(JavaPluginLoader.java:300) ~[patched_1.8.8.jar:git-PaperSpigot-445]
	... 18 more
Caused by: java.lang.ClassNotFoundException: org.bukkit.material.Wood
	at com.cryptomorin.xseries.XBlock.getType(XBlock.java:574) ~[?:?]
	at mc.ultimatecore.skills.managers.SkillManager.manageBlockPoints(SkillManager.java:310) ~[?:?]
	at mc.ultimatecore.skills.listener.skills.BlockBreakListener.blockBreakSkills(BlockBreakListener.java:48) ~[?:?]
	at jdk.internal.reflect.DirectMethodHandleAccessor.invoke(DirectMethodHandleAccessor.java:103) ~[?:?]
	at java.lang.reflect.Method.invoke(Method.java:580) ~[?:?]
	at org.bukkit.plugin.java.JavaPluginLoader$1.execute(JavaPluginLoader.java:300) ~[patched_1.8.8.jar:git-PaperSpigot-445]
	... 18 more
[21:18:16] [Server thread/ERROR]: Could not pass event BlockBreakEvent to UltimateCore-Skills v5.2.8
org.bukkit.event.EventException: null
	at org.bukkit.plugin.java.JavaPluginLoader$1.execute(JavaPluginLoader.java:302) ~[patched_1.8.8.jar:git-PaperSpigot-445]
	at co.aikar.timings.TimedEventExecutor.execute(TimedEventExecutor.java:78) ~[patched_1.8.8.jar:git-PaperSpigot-445]
	at org.bukkit.plugin.RegisteredListener.callEvent(RegisteredListener.java:62) ~[patched_1.8.8.jar:git-PaperSpigot-445]
	at org.bukkit.plugin.SimplePluginManager.fireEvent(SimplePluginManager.java:517) ~[patched_1.8.8.jar:git-PaperSpigot-445]
	at org.bukkit.plugin.SimplePluginManager.callEvent(SimplePluginManager.java:502) ~[patched_1.8.8.jar:git-PaperSpigot-445]
	at net.minecraft.server.v1_8_R3.PlayerInteractManager.breakBlock(PlayerInteractManager.java:286) ~[patched_1.8.8.jar:git-PaperSpigot-445]
	at net.minecraft.server.v1_8_R3.PlayerInteractManager.a(PlayerInteractManager.java:121) ~[patched_1.8.8.jar:git-PaperSpigot-445]
	at net.minecraft.server.v1_8_R3.PlayerConnection.a(PlayerConnection.java:626) ~[patched_1.8.8.jar:git-PaperSpigot-445]
	at net.minecraft.server.v1_8_R3.PacketPlayInBlockDig.a(SourceFile:40) ~[patched_1.8.8.jar:git-PaperSpigot-445]
	at net.minecraft.server.v1_8_R3.PacketPlayInBlockDig.a(SourceFile:10) ~[patched_1.8.8.jar:git-PaperSpigot-445]
	at net.minecraft.server.v1_8_R3.PlayerConnectionUtils$1.run(SourceFile:13) ~[patched_1.8.8.jar:git-PaperSpigot-445]
	at java.util.concurrent.Executors$RunnableAdapter.call(Executors.java:572) ~[?:?]
	at java.util.concurrent.FutureTask.run(FutureTask.java:317) ~[?:?]
	at net.minecraft.server.v1_8_R3.SystemUtils.a(SourceFile:44) ~[patched_1.8.8.jar:git-PaperSpigot-445]
	at net.minecraft.server.v1_8_R3.MinecraftServer.B(MinecraftServer.java:774) ~[patched_1.8.8.jar:git-PaperSpigot-445]
	at net.minecraft.server.v1_8_R3.DedicatedServer.B(DedicatedServer.java:378) ~[patched_1.8.8.jar:git-PaperSpigot-445]
	at net.minecraft.server.v1_8_R3.MinecraftServer.A(MinecraftServer.java:713) ~[patched_1.8.8.jar:git-PaperSpigot-445]
	at net.minecraft.server.v1_8_R3.MinecraftServer.run(MinecraftServer.java:616) ~[patched_1.8.8.jar:git-PaperSpigot-445]
	at java.lang.Thread.run(Thread.java:1583) [?:?]
Caused by: java.lang.NoClassDefFoundError: org/bukkit/material/Wood
	at com.cryptomorin.xseries.XBlock.getType(XBlock.java:574) ~[?:?]
	at mc.ultimatecore.skills.managers.SkillManager.manageBlockPoints(SkillManager.java:310) ~[?:?]
	at mc.ultimatecore.skills.listener.skills.BlockBreakListener.blockBreakSkills(BlockBreakListener.java:48) ~[?:?]
	at jdk.internal.reflect.DirectMethodHandleAccessor.invoke(DirectMethodHandleAccessor.java:103) ~[?:?]
	at java.lang.reflect.Method.invoke(Method.java:580) ~[?:?]
	at org.bukkit.plugin.java.JavaPluginLoader$1.execute(JavaPluginLoader.java:300) ~[patched_1.8.8.jar:git-PaperSpigot-445]
	... 18 more
Caused by: java.lang.ClassNotFoundException: org.bukkit.material.Wood
	at com.cryptomorin.xseries.XBlock.getType(XBlock.java:574) ~[?:?]
	at mc.ultimatecore.skills.managers.SkillManager.manageBlockPoints(SkillManager.java:310) ~[?:?]
	at mc.ultimatecore.skills.listener.skills.BlockBreakListener.blockBreakSkills(BlockBreakListener.java:48) ~[?:?]
	at jdk.internal.reflect.DirectMethodHandleAccessor.invoke(DirectMethodHandleAccessor.java:103) ~[?:?]
	at java.lang.reflect.Method.invoke(Method.java:580) ~[?:?]
	at org.bukkit.plugin.java.JavaPluginLoader$1.execute(JavaPluginLoader.java:300) ~[patched_1.8.8.jar:git-PaperSpigot-445]
	... 18 more
[21:18:16] [Server thread/ERROR]: Could not pass event BlockBreakEvent to UltimateCore-Skills v5.2.8
org.bukkit.event.EventException: null
	at org.bukkit.plugin.java.JavaPluginLoader$1.execute(JavaPluginLoader.java:302) ~[patched_1.8.8.jar:git-PaperSpigot-445]
	at co.aikar.timings.TimedEventExecutor.execute(TimedEventExecutor.java:78) ~[patched_1.8.8.jar:git-PaperSpigot-445]
	at org.bukkit.plugin.RegisteredListener.callEvent(RegisteredListener.java:62) ~[patched_1.8.8.jar:git-PaperSpigot-445]
	at org.bukkit.plugin.SimplePluginManager.fireEvent(SimplePluginManager.java:517) ~[patched_1.8.8.jar:git-PaperSpigot-445]
	at org.bukkit.plugin.SimplePluginManager.callEvent(SimplePluginManager.java:502) ~[patched_1.8.8.jar:git-PaperSpigot-445]
	at net.minecraft.server.v1_8_R3.PlayerInteractManager.breakBlock(PlayerInteractManager.java:286) ~[patched_1.8.8.jar:git-PaperSpigot-445]
	at net.minecraft.server.v1_8_R3.PlayerInteractManager.a(PlayerInteractManager.java:121) ~[patched_1.8.8.jar:git-PaperSpigot-445]
	at net.minecraft.server.v1_8_R3.PlayerConnection.a(PlayerConnection.java:626) ~[patched_1.8.8.jar:git-PaperSpigot-445]
	at net.minecraft.server.v1_8_R3.PacketPlayInBlockDig.a(SourceFile:40) ~[patched_1.8.8.jar:git-PaperSpigot-445]
	at net.minecraft.server.v1_8_R3.PacketPlayInBlockDig.a(SourceFile:10) ~[patched_1.8.8.jar:git-PaperSpigot-445]
	at net.minecraft.server.v1_8_R3.PlayerConnectionUtils$1.run(SourceFile:13) ~[patched_1.8.8.jar:git-PaperSpigot-445]
	at java.util.concurrent.Executors$RunnableAdapter.call(Executors.java:572) ~[?:?]
	at java.util.concurrent.FutureTask.run(FutureTask.java:317) ~[?:?]
	at net.minecraft.server.v1_8_R3.SystemUtils.a(SourceFile:44) ~[patched_1.8.8.jar:git-PaperSpigot-445]
	at net.minecraft.server.v1_8_R3.MinecraftServer.B(MinecraftServer.java:774) ~[patched_1.8.8.jar:git-PaperSpigot-445]
	at net.minecraft.server.v1_8_R3.DedicatedServer.B(DedicatedServer.java:378) ~[patched_1.8.8.jar:git-PaperSpigot-445]
	at net.minecraft.server.v1_8_R3.MinecraftServer.A(MinecraftServer.java:713) ~[patched_1.8.8.jar:git-PaperSpigot-445]
	at net.minecraft.server.v1_8_R3.MinecraftServer.run(MinecraftServer.java:616) ~[patched_1.8.8.jar:git-PaperSpigot-445]
	at java.lang.Thread.run(Thread.java:1583) [?:?]
Caused by: java.lang.NoClassDefFoundError: org/bukkit/material/Wood
	at com.cryptomorin.xseries.XBlock.getType(XBlock.java:574) ~[?:?]
	at mc.ultimatecore.skills.managers.SkillManager.manageBlockPoints(SkillManager.java:310) ~[?:?]
	at mc.ultimatecore.skills.listener.skills.BlockBreakListener.blockBreakSkills(BlockBreakListener.java:48) ~[?:?]
	at jdk.internal.reflect.DirectMethodHandleAccessor.invoke(DirectMethodHandleAccessor.java:103) ~[?:?]
	at java.lang.reflect.Method.invoke(Method.java:580) ~[?:?]
	at org.bukkit.plugin.java.JavaPluginLoader$1.execute(JavaPluginLoader.java:300) ~[patched_1.8.8.jar:git-PaperSpigot-445]
	... 18 more
Caused by: java.lang.ClassNotFoundException: org.bukkit.material.Wood
	at com.cryptomorin.xseries.XBlock.getType(XBlock.java:574) ~[?:?]
	at mc.ultimatecore.skills.managers.SkillManager.manageBlockPoints(SkillManager.java:310) ~[?:?]
	at mc.ultimatecore.skills.listener.skills.BlockBreakListener.blockBreakSkills(BlockBreakListener.java:48) ~[?:?]
	at jdk.internal.reflect.DirectMethodHandleAccessor.invoke(DirectMethodHandleAccessor.java:103) ~[?:?]
	at java.lang.reflect.Method.invoke(Method.java:580) ~[?:?]
	at org.bukkit.plugin.java.JavaPluginLoader$1.execute(JavaPluginLoader.java:300) ~[patched_1.8.8.jar:git-PaperSpigot-445]
	... 18 more
[21:18:17] [Server thread/ERROR]: Could not pass event BlockBreakEvent to UltimateCore-Skills v5.2.8
org.bukkit.event.EventException: null
	at org.bukkit.plugin.java.JavaPluginLoader$1.execute(JavaPluginLoader.java:302) ~[patched_1.8.8.jar:git-PaperSpigot-445]
	at co.aikar.timings.TimedEventExecutor.execute(TimedEventExecutor.java:78) ~[patched_1.8.8.jar:git-PaperSpigot-445]
	at org.bukkit.plugin.RegisteredListener.callEvent(RegisteredListener.java:62) ~[patched_1.8.8.jar:git-PaperSpigot-445]
	at org.bukkit.plugin.SimplePluginManager.fireEvent(SimplePluginManager.java:517) ~[patched_1.8.8.jar:git-PaperSpigot-445]
	at org.bukkit.plugin.SimplePluginManager.callEvent(SimplePluginManager.java:502) ~[patched_1.8.8.jar:git-PaperSpigot-445]
	at net.minecraft.server.v1_8_R3.PlayerInteractManager.breakBlock(PlayerInteractManager.java:286) ~[patched_1.8.8.jar:git-PaperSpigot-445]
	at net.minecraft.server.v1_8_R3.PlayerInteractManager.a(PlayerInteractManager.java:121) ~[patched_1.8.8.jar:git-PaperSpigot-445]
	at net.minecraft.server.v1_8_R3.PlayerConnection.a(PlayerConnection.java:626) ~[patched_1.8.8.jar:git-PaperSpigot-445]
	at net.minecraft.server.v1_8_R3.PacketPlayInBlockDig.a(SourceFile:40) ~[patched_1.8.8.jar:git-PaperSpigot-445]
	at net.minecraft.server.v1_8_R3.PacketPlayInBlockDig.a(SourceFile:10) ~[patched_1.8.8.jar:git-PaperSpigot-445]
	at net.minecraft.server.v1_8_R3.PlayerConnectionUtils$1.run(SourceFile:13) ~[patched_1.8.8.jar:git-PaperSpigot-445]
	at java.util.concurrent.Executors$RunnableAdapter.call(Executors.java:572) ~[?:?]
	at java.util.concurrent.FutureTask.run(FutureTask.java:317) ~[?:?]
	at net.minecraft.server.v1_8_R3.SystemUtils.a(SourceFile:44) ~[patched_1.8.8.jar:git-PaperSpigot-445]
	at net.minecraft.server.v1_8_R3.MinecraftServer.B(MinecraftServer.java:774) ~[patched_1.8.8.jar:git-PaperSpigot-445]
	at net.minecraft.server.v1_8_R3.DedicatedServer.B(DedicatedServer.java:378) ~[patched_1.8.8.jar:git-PaperSpigot-445]
	at net.minecraft.server.v1_8_R3.MinecraftServer.A(MinecraftServer.java:713) ~[patched_1.8.8.jar:git-PaperSpigot-445]
	at net.minecraft.server.v1_8_R3.MinecraftServer.run(MinecraftServer.java:616) ~[patched_1.8.8.jar:git-PaperSpigot-445]
	at java.lang.Thread.run(Thread.java:1583) [?:?]
Caused by: java.lang.NoClassDefFoundError: org/bukkit/material/Wood
	at com.cryptomorin.xseries.XBlock.getType(XBlock.java:574) ~[?:?]
	at mc.ultimatecore.skills.managers.SkillManager.manageBlockPoints(SkillManager.java:310) ~[?:?]
	at mc.ultimatecore.skills.listener.skills.BlockBreakListener.blockBreakSkills(BlockBreakListener.java:48) ~[?:?]
	at jdk.internal.reflect.DirectMethodHandleAccessor.invoke(DirectMethodHandleAccessor.java:103) ~[?:?]
	at java.lang.reflect.Method.invoke(Method.java:580) ~[?:?]
	at org.bukkit.plugin.java.JavaPluginLoader$1.execute(JavaPluginLoader.java:300) ~[patched_1.8.8.jar:git-PaperSpigot-445]
	... 18 more
Caused by: java.lang.ClassNotFoundException: org.bukkit.material.Wood
	at com.cryptomorin.xseries.XBlock.getType(XBlock.java:574) ~[?:?]
	at mc.ultimatecore.skills.managers.SkillManager.manageBlockPoints(SkillManager.java:310) ~[?:?]
	at mc.ultimatecore.skills.listener.skills.BlockBreakListener.blockBreakSkills(BlockBreakListener.java:48) ~[?:?]
	at jdk.internal.reflect.DirectMethodHandleAccessor.invoke(DirectMethodHandleAccessor.java:103) ~[?:?]
	at java.lang.reflect.Method.invoke(Method.java:580) ~[?:?]
	at org.bukkit.plugin.java.JavaPluginLoader$1.execute(JavaPluginLoader.java:300) ~[patched_1.8.8.jar:git-PaperSpigot-445]
	... 18 more
[21:18:43] [Server thread/INFO]: MrFlop issued server command: /cr reload
[21:18:43] [Server thread/WARN]: [DEBUG][CustomRecipes] Enchantment - OBSIDIAN_SHIELD for the recipe VietnameseRiceFarmerHat is not valid. Skipping..
[21:18:43] [Server thread/WARN]: [CustomRecipes] Could not find configuration section HavenBag in the recipe file that must match its filename: HavenBag.yml - (CaSeSeNsItIvE) - Skipping this recipe
[21:18:48] [Server thread/INFO]: MrFlop issued server command: /give MrFlop lava_bucket
[21:18:50] [Server thread/INFO]: MrFlop issued server command: /give MrFlop lava_bucket
[21:18:53] [Server thread/INFO]: MrFlop issued server command: /cr give MrFlop vietnamesericefarmerhat
[21:18:59] [Server thread/INFO]: MrFlop issued server command: /gm s
[21:19:00] [Server thread/INFO]: MrFlop tried to swim in lava
[21:19:06] [Server thread/INFO]: MrFlop issued server command: /gm c
[21:19:18] [Server thread/INFO]: MrFlop issued server command: /cr give MrFlop vietnamesericefarmerhat
[21:19:41] [Server thread/INFO]: MrFlop issued server command: /cr reload
[21:19:41] [Server thread/WARN]: [DEBUG][CustomRecipes] Enchantment - OBSIDIAN_SHIELD for the recipe VietnameseRiceFarmerHat is not valid. Skipping..
[21:19:41] [Server thread/WARN]: [CustomRecipes] Could not find configuration section HavenBag in the recipe file that must match its filename: HavenBag.yml - (CaSeSeNsItIvE) - Skipping this recipe
[21:19:42] [Server thread/INFO]: MrFlop issued server command: /cr give MrFlop vietnamesericefarmerhat
[21:19:53] [Server thread/INFO]: MrFlop issued server command: /cr give MrFlop vietnamesericefarmerhat
[21:20:06] [Server thread/INFO]: MrFlop issued server command: /cr reload
[21:20:06] [Server thread/WARN]: [CustomRecipes] Could not find configuration section HavenBag in the recipe file that must match its filename: HavenBag.yml - (CaSeSeNsItIvE) - Skipping this recipe
[21:20:07] [Server thread/INFO]: MrFlop issued server command: /cr give MrFlop vietnamesericefarmerhat
[21:20:24] [Server thread/INFO]: MrFlop issued server command: /cr give MrFlop vietnamesericefarmerhat
[21:20:33] [Server thread/INFO]: MrFlop issued server command: /cr reload
[21:20:33] [Server thread/WARN]: [DEBUG][CustomRecipes] Enchantment - SUN_RESISTANCE for the recipe VietnameseRiceFarmerHat is not valid. Skipping..
[21:20:33] [Server thread/WARN]: [CustomRecipes] Could not find configuration section HavenBag in the recipe file that must match its filename: HavenBag.yml - (CaSeSeNsItIvE) - Skipping this recipe
[21:20:34] [Server thread/INFO]: MrFlop issued server command: /cr give MrFlop vietnamesericefarmerhat
[21:24:20] [Server thread/INFO]: MrFlop issued server command: /ae reload
[21:24:23] [Server thread/INFO]: MrFlop issued server command: /ae lastchanged
[21:24:30] [Server thread/INFO]: MrFlop issued server command: /cr give MrFlop vietnamesericefarmerhat
[21:24:37] [Server thread/INFO]: MrFlop issued server command: /cr reload
[21:24:37] [Server thread/WARN]: [DEBUG][CustomRecipes] Enchantment - SUN_RESISTANCE for the recipe VietnameseRiceFarmerHat is not valid. Skipping..
[21:24:37] [Server thread/WARN]: [CustomRecipes] Could not find configuration section HavenBag in the recipe file that must match its filename: HavenBag.yml - (CaSeSeNsItIvE) - Skipping this recipe
[21:24:38] [Server thread/INFO]: MrFlop issued server command: /cr give MrFlop vietnamesericefarmerhat
[21:24:44] [Server thread/INFO]: MrFlop lost connection: Disconnected
[21:24:44] [Server thread/INFO]: MrFlop left the game.
[21:24:44] [Craft Scheduler Thread - 3/INFO]: [UltimateCore-Souls] Saved data of player MrFlop to database.
